<?xml version="1.0" encoding="UTF-8"?>
<testsuite xmlns:xsi="http://www.w3.org/2001/XMLSchema-instance" xsi:noNamespaceSchemaLocation="https://maven.apache.org/surefire/maven-surefire-plugin/xsd/surefire-test-report.xsd" name="AccountTest" time="0.264" tests="15" errors="0" skipped="0" failures="0">
  <properties>
[...]
</properties>
  <testcase name="testCheckNameToEmboss[0]" classname="AccountTest" time="0.117"/>
  <testcase name="testCheckNameToEmboss[1]" classname="AccountTest" time="0.001"/>
  <testcase name="testCheckNameToEmboss[2]" classname="AccountTest" time="0.001"/>
  <testcase name="testCheckNameToEmboss[3]" classname="AccountTest" time="0.001"/>
  <testcase name="testCheckNameToEmboss[4]" classname="AccountTest" time="0.001"/>
  <testcase name="testCheckNameToEmboss[5]" classname="AccountTest" time="0.001"/>
  <testcase name="testCheckNameToEmboss[6]" classname="AccountTest" time="0.001"/>
  <testcase name="testCheckNameToEmboss[7]" classname="AccountTest" time="0.001"/>
  <testcase name="testCheckNameToEmboss[8]" classname="AccountTest" time="0.001"/>
  <testcase name="testCheckNameToEmboss[9]" classname="AccountTest" time="0.001"/>
  <testcase name="testCheckNameToEmboss[10]" classname="AccountTest" time="0.001"/>
  <testcase name="testCheckNameToEmboss[11]" classname="AccountTest" time="0"/>
  <testcase name="testCheckNameToEmboss[12]" classname="AccountTest" time="0.001"/>
  <testcase name="testCheckNameToEmboss[13]" classname="AccountTest" time="0.001"/>
  <testcase name="testCheckNameToEmboss[14]" classname="AccountTest" time="0"/>
</testsuite>